2021-05-23 15:05:30.935  INFO 12700 --- [Test worker] com.example.istg.IstgApplicationTests    : Starting IstgApplicationTests using Java 15.0.2 on DESKTOP-SSVANV7 with PID 12700 (started by maith in C:\Users\maith\Desktop\istg)
2021-05-23 15:05:30.944  INFO 12700 --- [Test worker] com.example.istg.IstgApplicationTests    : No active profile set, falling back to default profiles: default
2021-05-23 15:05:31.025 DEBUG 12700 --- [Test worker] o.s.w.c.s.GenericWebApplicationContext   : Refreshing org.springframework.web.context.support.GenericWebApplicationContext@66e6462d
2021-05-23 15:05:32.418  INFO 12700 --- [Test worker] .s.d.r.c.RepositoryConfigurationDelegate : Bootstrapping Spring Data JPA repositories in DEFAULT mode.
2021-05-23 15:05:32.584  INFO 12700 --- [Test worker] .s.d.r.c.RepositoryConfigurationDelegate : Finished Spring Data repository scanning in 151 ms. Found 9 JPA repository interfaces.
2021-05-23 15:05:34.217  INFO 12700 --- [Test worker] com.zaxxer.hikari.HikariDataSource       : HikariPool-1 - Starting...
2021-05-23 15:05:34.541  INFO 12700 --- [Test worker] com.zaxxer.hikari.HikariDataSource       : HikariPool-1 - Start completed.
2021-05-23 15:05:36.009  INFO 12700 --- [Test worker] j.LocalContainerEntityManagerFactoryBean : Initialized JPA EntityManagerFactory for persistence unit 'default'
2021-05-23 15:05:37.055  WARN 12700 --- [Test worker] JpaBaseConfiguration$JpaWebConfiguration : spring.jpa.open-in-view is enabled by default. Therefore, database queries may be performed during view rendering. Explicitly configure spring.jpa.open-in-view to disable this warning
2021-05-23 15:05:37.739  INFO 12700 --- [Test worker] o.s.s.web.DefaultSecurityFilterChain     : Will secure any request with [org.springframework.security.web.context.request.async.WebAsyncManagerIntegrationFilter@4bc82267, org.springframework.security.web.context.SecurityContextPersistenceFilter@667d4541, org.springframework.security.web.header.HeaderWriterFilter@41c972d7, org.springframework.web.filter.CorsFilter@3fa7679b, org.springframework.security.web.authentication.logout.LogoutFilter@56a8ceda, org.springframework.security.web.authentication.www.BasicAuthenticationFilter@76b7ee9f, org.springframework.security.web.savedrequest.RequestCacheAwareFilter@28201568, org.springframework.security.web.servletapi.SecurityContextHolderAwareRequestFilter@2fad2de, org.springframework.security.web.authentication.AnonymousAuthenticationFilter@d13a481, org.springframework.security.web.session.SessionManagementFilter@3292a5ee, org.springframework.security.web.access.ExceptionTranslationFilter@305bdf62, org.springframework.security.web.access.intercept.FilterSecurityInterceptor@6f84ba73]
2021-05-23 15:05:38.450  INFO 12700 --- [Test worker] o.s.s.concurrent.ThreadPoolTaskExecutor  : Initializing ExecutorService 'applicationTaskExecutor'
2021-05-23 15:05:38.473 DEBUG 12700 --- [Test worker] s.w.s.m.m.a.RequestMappingHandlerAdapter : ControllerAdvice beans: 0 @ModelAttribute, 0 @InitBinder, 1 RequestBodyAdvice, 1 ResponseBodyAdvice
2021-05-23 15:05:38.661 DEBUG 12700 --- [Test worker] s.w.s.m.m.a.RequestMappingHandlerMapping : 48 mappings in 'requestMappingHandlerMapping'
2021-05-23 15:05:38.667  INFO 12700 --- [Test worker] o.s.b.a.w.s.WelcomePageHandlerMapping    : Adding welcome page: class path resource [static/index.html]
2021-05-23 15:05:38.791 DEBUG 12700 --- [Test worker] o.s.w.s.handler.SimpleUrlHandlerMapping  : Patterns [/webjars/**, /**] in 'resourceHandlerMapping'
2021-05-23 15:05:38.818 DEBUG 12700 --- [Test worker] .m.m.a.ExceptionHandlerExceptionResolver : ControllerAdvice beans: 0 @ExceptionHandler, 1 ResponseBodyAdvice
2021-05-23 15:05:39.432  INFO 12700 --- [Test worker] com.example.istg.IstgApplicationTests    : Started IstgApplicationTests in 9.018 seconds (JVM running for 11.056)
2021-05-23 15:05:39.994 DEBUG 12700 --- [SpringContextShutdownHook] o.s.w.c.s.GenericWebApplicationContext   : Closing org.springframework.web.context.support.GenericWebApplicationContext@66e6462d, started on Sun May 23 15:05:31 ICT 2021
2021-05-23 15:05:40.001  INFO 12700 --- [SpringContextShutdownHook] o.s.s.concurrent.ThreadPoolTaskExecutor  : Shutting down ExecutorService 'applicationTaskExecutor'
2021-05-23 15:05:40.006  INFO 12700 --- [SpringContextShutdownHook] j.LocalContainerEntityManagerFactoryBean : Closing JPA EntityManagerFactory for persistence unit 'default'
2021-05-23 15:05:40.011  INFO 12700 --- [SpringContextShutdownHook] com.zaxxer.hikari.HikariDataSource       : HikariPool-1 - Shutdown initiated...
2021-05-23 15:05:40.039  INFO 12700 --- [SpringContextShutdownHook] com.zaxxer.hikari.HikariDataSource       : HikariPool-1 - Shutdown completed.
